{"E:\\hacktiv\\fase2\\week3\\day1\\IP-HCK75\\travel-server\\app.js": {"path":"E:\\hacktiv\\fase2\\week3\\day1\\IP-HCK75\\travel-server\\app.js","statementMap":{"0":{"start":{"line":1,"column":0},"end":{"line":1,"column":27}},"1":{"start":{"line":3,"column":16},"end":{"line":3,"column":34}},"2":{"start":{"line":4,"column":13},"end":{"line":4,"column":28}},"3":{"start":{"line":5,"column":15},"end":{"line":5,"column":44}},"4":{"start":{"line":6,"column":15},"end":{"line":6,"column":45}},"5":{"start":{"line":8,"column":12},"end":{"line":8,"column":21}},"6":{"start":{"line":12,"column":0},"end":{"line":12,"column":16}},"7":{"start":{"line":13,"column":0},"end":{"line":13,"column":24}},"8":{"start":{"line":16,"column":0},"end":{"line":16,"column":21}},"9":{"start":{"line":17,"column":0},"end":{"line":17,"column":27}},"10":{"start":{"line":20,"column":0},"end":{"line":23,"column":3}},"11":{"start":{"line":21,"column":4},"end":{"line":21,"column":29}},"12":{"start":{"line":22,"column":4},"end":{"line":22,"column":50}},"13":{"start":{"line":26,"column":0},"end":{"line":26,"column":21}}},"fnMap":{"0":{"name":"(anonymous_0)","decl":{"start":{"line":20,"column":8},"end":{"line":20,"column":9}},"loc":{"start":{"line":20,"column":33},"end":{"line":23,"column":1}},"line":20}},"branchMap":{},"s":{"0":1,"1":1,"2":1,"3":1,"4":1,"5":1,"6":1,"7":1,"8":1,"9":1,"10":1,"11":0,"12":0,"13":1},"f":{"0":0},"b":{},"_coverageSchema":"1a1c01bbd47fc00a2c39e90264f33305004495a9","hash":"2e472165f3145b91da1a6af6257e8c61650f6214"}
,"E:\\hacktiv\\fase2\\week3\\day1\\IP-HCK75\\travel-server\\auth\\auth.js": {"path":"E:\\hacktiv\\fase2\\week3\\day1\\IP-HCK75\\travel-server\\auth\\auth.js","statementMap":{"0":{"start":{"line":1,"column":12},"end":{"line":1,"column":35}},"1":{"start":{"line":2,"column":0},"end":{"line":2,"column":27}},"2":{"start":{"line":4,"column":13},"end":{"line":18,"column":1}},"3":{"start":{"line":5,"column":16},"end":{"line":5,"column":58}},"4":{"start":{"line":7,"column":2},"end":{"line":9,"column":3}},"5":{"start":{"line":8,"column":4},"end":{"line":8,"column":82}},"6":{"start":{"line":11,"column":2},"end":{"line":17,"column":3}},"7":{"start":{"line":12,"column":20},"end":{"line":12,"column":61}},"8":{"start":{"line":13,"column":4},"end":{"line":13,"column":23}},"9":{"start":{"line":14,"column":4},"end":{"line":14,"column":11}},"10":{"start":{"line":16,"column":4},"end":{"line":16,"column":63}},"11":{"start":{"line":20,"column":0},"end":{"line":20,"column":26}}},"fnMap":{"0":{"name":"(anonymous_0)","decl":{"start":{"line":4,"column":13},"end":{"line":4,"column":14}},"loc":{"start":{"line":4,"column":33},"end":{"line":18,"column":1}},"line":4}},"branchMap":{"0":{"loc":{"start":{"line":7,"column":2},"end":{"line":9,"column":3}},"type":"if","locations":[{"start":{"line":7,"column":2},"end":{"line":9,"column":3}},{"start":{},"end":{}}],"line":7}},"s":{"0":1,"1":1,"2":1,"3":15,"4":15,"5":2,"6":13,"7":13,"8":13,"9":13,"10":0,"11":1},"f":{"0":15},"b":{"0":[2,13]},"_coverageSchema":"1a1c01bbd47fc00a2c39e90264f33305004495a9","hash":"c1d69729f5acf46667847e8ae09b7a1b1efdb357"}
,"E:\\hacktiv\\fase2\\week3\\day1\\IP-HCK75\\travel-server\\controllers\\destinationController.js": {"path":"E:\\hacktiv\\fase2\\week3\\day1\\IP-HCK75\\travel-server\\controllers\\destinationController.js","statementMap":{"0":{"start":{"line":1,"column":24},"end":{"line":1,"column":44}},"1":{"start":{"line":3,"column":27},"end":{"line":10,"column":1}},"2":{"start":{"line":4,"column":4},"end":{"line":9,"column":5}},"3":{"start":{"line":5,"column":29},"end":{"line":5,"column":56}},"4":{"start":{"line":6,"column":8},"end":{"line":6,"column":43}},"5":{"start":{"line":8,"column":8},"end":{"line":8,"column":55}},"6":{"start":{"line":12,"column":26},"end":{"line":19,"column":1}},"7":{"start":{"line":13,"column":4},"end":{"line":18,"column":5}},"8":{"start":{"line":14,"column":31},"end":{"line":14,"column":65}},"9":{"start":{"line":15,"column":8},"end":{"line":15,"column":45}},"10":{"start":{"line":17,"column":8},"end":{"line":17,"column":55}},"11":{"start":{"line":21,"column":26},"end":{"line":34,"column":1}},"12":{"start":{"line":22,"column":4},"end":{"line":33,"column":5}},"13":{"start":{"line":23,"column":23},"end":{"line":23,"column":33}},"14":{"start":{"line":24,"column":23},"end":{"line":24,"column":53}},"15":{"start":{"line":25,"column":8},"end":{"line":27,"column":9}},"16":{"start":{"line":26,"column":12},"end":{"line":26,"column":78}},"17":{"start":{"line":28,"column":8},"end":{"line":28,"column":62}},"18":{"start":{"line":29,"column":35},"end":{"line":29,"column":65}},"19":{"start":{"line":30,"column":8},"end":{"line":30,"column":49}},"20":{"start":{"line":32,"column":8},"end":{"line":32,"column":55}},"21":{"start":{"line":36,"column":26},"end":{"line":48,"column":1}},"22":{"start":{"line":37,"column":4},"end":{"line":47,"column":5}},"23":{"start":{"line":38,"column":23},"end":{"line":38,"column":33}},"24":{"start":{"line":39,"column":23},"end":{"line":39,"column":53}},"25":{"start":{"line":40,"column":8},"end":{"line":42,"column":9}},"26":{"start":{"line":41,"column":12},"end":{"line":41,"column":78}},"27":{"start":{"line":43,"column":8},"end":{"line":43,"column":53}},"28":{"start":{"line":44,"column":8},"end":{"line":44,"column":66}},"29":{"start":{"line":46,"column":8},"end":{"line":46,"column":55}},"30":{"start":{"line":50,"column":0},"end":{"line":55,"column":2}}},"fnMap":{"0":{"name":"(anonymous_0)","decl":{"start":{"line":3,"column":27},"end":{"line":3,"column":28}},"loc":{"start":{"line":3,"column":47},"end":{"line":10,"column":1}},"line":3},"1":{"name":"(anonymous_1)","decl":{"start":{"line":12,"column":26},"end":{"line":12,"column":27}},"loc":{"start":{"line":12,"column":46},"end":{"line":19,"column":1}},"line":12},"2":{"name":"(anonymous_2)","decl":{"start":{"line":21,"column":26},"end":{"line":21,"column":27}},"loc":{"start":{"line":21,"column":46},"end":{"line":34,"column":1}},"line":21},"3":{"name":"(anonymous_3)","decl":{"start":{"line":36,"column":26},"end":{"line":36,"column":27}},"loc":{"start":{"line":36,"column":46},"end":{"line":48,"column":1}},"line":36}},"branchMap":{"0":{"loc":{"start":{"line":25,"column":8},"end":{"line":27,"column":9}},"type":"if","locations":[{"start":{"line":25,"column":8},"end":{"line":27,"column":9}},{"start":{},"end":{}}],"line":25},"1":{"loc":{"start":{"line":40,"column":8},"end":{"line":42,"column":9}},"type":"if","locations":[{"start":{"line":40,"column":8},"end":{"line":42,"column":9}},{"start":{},"end":{}}],"line":40}},"s":{"0":1,"1":1,"2":1,"3":1,"4":1,"5":0,"6":1,"7":1,"8":1,"9":1,"10":0,"11":1,"12":2,"13":2,"14":2,"15":2,"16":1,"17":1,"18":1,"19":1,"20":0,"21":1,"22":2,"23":2,"24":2,"25":2,"26":1,"27":1,"28":1,"29":0,"30":1},"f":{"0":1,"1":1,"2":2,"3":2},"b":{"0":[1,1],"1":[1,1]},"_coverageSchema":"1a1c01bbd47fc00a2c39e90264f33305004495a9","hash":"22ca1c94d3bb03d11733e74ca2d8bb8af7147601"}
,"E:\\hacktiv\\fase2\\week3\\day1\\IP-HCK75\\travel-server\\controllers\\geminiController.js": {"path":"E:\\hacktiv\\fase2\\week3\\day1\\IP-HCK75\\travel-server\\controllers\\geminiController.js","statementMap":{"0":{"start":{"line":1,"column":0},"end":{"line":1,"column":27}},"1":{"start":{"line":2,"column":14},"end":{"line":2,"column":30}},"2":{"start":{"line":5,"column":16},"end":{"line":5,"column":42}},"3":{"start":{"line":6,"column":23},"end":{"line":6,"column":120}},"4":{"start":{"line":8,"column":30},"end":{"line":26,"column":1}},"5":{"start":{"line":9,"column":23},"end":{"line":9,"column":31}},"6":{"start":{"line":11,"column":4},"end":{"line":25,"column":5}},"7":{"start":{"line":12,"column":25},"end":{"line":18,"column":10}},"8":{"start":{"line":21,"column":8},"end":{"line":21,"column":44}},"9":{"start":{"line":23,"column":8},"end":{"line":23,"column":105}},"10":{"start":{"line":24,"column":8},"end":{"line":24,"column":92}},"11":{"start":{"line":28,"column":0},"end":{"line":28,"column":43}}},"fnMap":{"0":{"name":"(anonymous_0)","decl":{"start":{"line":8,"column":30},"end":{"line":8,"column":31}},"loc":{"start":{"line":8,"column":50},"end":{"line":26,"column":1}},"line":8}},"branchMap":{"0":{"loc":{"start":{"line":23,"column":51},"end":{"line":23,"column":103}},"type":"cond-expr","locations":[{"start":{"line":23,"column":68},"end":{"line":23,"column":87}},{"start":{"line":23,"column":90},"end":{"line":23,"column":103}}],"line":23}},"s":{"0":1,"1":1,"2":1,"3":1,"4":1,"5":1,"6":1,"7":1,"8":1,"9":0,"10":0,"11":1},"f":{"0":1},"b":{"0":[0,0]},"_coverageSchema":"1a1c01bbd47fc00a2c39e90264f33305004495a9","hash":"90c36144ded145f60e5a01ae6a6309c74eee47d9"}
,"E:\\hacktiv\\fase2\\week3\\day1\\IP-HCK75\\travel-server\\controllers\\reviewController.js": {"path":"E:\\hacktiv\\fase2\\week3\\day1\\IP-HCK75\\travel-server\\controllers\\reviewController.js","statementMap":{"0":{"start":{"line":1,"column":38},"end":{"line":1,"column":58}},"1":{"start":{"line":4,"column":33},"end":{"line":19,"column":1}},"2":{"start":{"line":5,"column":4},"end":{"line":18,"column":5}},"3":{"start":{"line":6,"column":34},"end":{"line":6,"column":44}},"4":{"start":{"line":7,"column":28},"end":{"line":9,"column":10}},"5":{"start":{"line":11,"column":8},"end":{"line":13,"column":9}},"6":{"start":{"line":12,"column":12},"end":{"line":12,"column":78}},"7":{"start":{"line":15,"column":8},"end":{"line":15,"column":50}},"8":{"start":{"line":17,"column":8},"end":{"line":17,"column":55}},"9":{"start":{"line":22,"column":21},"end":{"line":44,"column":1}},"10":{"start":{"line":23,"column":4},"end":{"line":43,"column":5}},"11":{"start":{"line":24,"column":34},"end":{"line":24,"column":44}},"12":{"start":{"line":25,"column":36},"end":{"line":25,"column":44}},"13":{"start":{"line":26,"column":23},"end":{"line":26,"column":34}},"14":{"start":{"line":28,"column":28},"end":{"line":28,"column":69}},"15":{"start":{"line":29,"column":8},"end":{"line":31,"column":9}},"16":{"start":{"line":30,"column":12},"end":{"line":30,"column":78}},"17":{"start":{"line":33,"column":26},"end":{"line":38,"column":10}},"18":{"start":{"line":40,"column":8},"end":{"line":40,"column":40}},"19":{"start":{"line":42,"column":8},"end":{"line":42,"column":55}},"20":{"start":{"line":47,"column":21},"end":{"line":65,"column":1}},"21":{"start":{"line":48,"column":4},"end":{"line":64,"column":5}},"22":{"start":{"line":49,"column":29},"end":{"line":49,"column":39}},"23":{"start":{"line":50,"column":36},"end":{"line":50,"column":44}},"24":{"start":{"line":51,"column":23},"end":{"line":51,"column":34}},"25":{"start":{"line":53,"column":23},"end":{"line":53,"column":88}},"26":{"start":{"line":54,"column":8},"end":{"line":56,"column":9}},"27":{"start":{"line":55,"column":12},"end":{"line":55,"column":94}},"28":{"start":{"line":58,"column":8},"end":{"line":58,"column":78}},"29":{"start":{"line":59,"column":30},"end":{"line":59,"column":61}},"30":{"start":{"line":61,"column":8},"end":{"line":61,"column":44}},"31":{"start":{"line":63,"column":8},"end":{"line":63,"column":55}},"32":{"start":{"line":68,"column":21},"end":{"line":83,"column":1}},"33":{"start":{"line":69,"column":4},"end":{"line":82,"column":5}},"34":{"start":{"line":70,"column":29},"end":{"line":70,"column":39}},"35":{"start":{"line":71,"column":23},"end":{"line":71,"column":34}},"36":{"start":{"line":73,"column":23},"end":{"line":73,"column":88}},"37":{"start":{"line":74,"column":8},"end":{"line":76,"column":9}},"38":{"start":{"line":75,"column":12},"end":{"line":75,"column":94}},"39":{"start":{"line":78,"column":8},"end":{"line":78,"column":58}},"40":{"start":{"line":79,"column":8},"end":{"line":79,"column":73}},"41":{"start":{"line":81,"column":8},"end":{"line":81,"column":55}},"42":{"start":{"line":85,"column":0},"end":{"line":90,"column":2}}},"fnMap":{"0":{"name":"(anonymous_0)","decl":{"start":{"line":4,"column":33},"end":{"line":4,"column":34}},"loc":{"start":{"line":4,"column":53},"end":{"line":19,"column":1}},"line":4},"1":{"name":"(anonymous_1)","decl":{"start":{"line":22,"column":21},"end":{"line":22,"column":22}},"loc":{"start":{"line":22,"column":41},"end":{"line":44,"column":1}},"line":22},"2":{"name":"(anonymous_2)","decl":{"start":{"line":47,"column":21},"end":{"line":47,"column":22}},"loc":{"start":{"line":47,"column":41},"end":{"line":65,"column":1}},"line":47},"3":{"name":"(anonymous_3)","decl":{"start":{"line":68,"column":21},"end":{"line":68,"column":22}},"loc":{"start":{"line":68,"column":41},"end":{"line":83,"column":1}},"line":68}},"branchMap":{"0":{"loc":{"start":{"line":11,"column":8},"end":{"line":13,"column":9}},"type":"if","locations":[{"start":{"line":11,"column":8},"end":{"line":13,"column":9}},{"start":{},"end":{}}],"line":11},"1":{"loc":{"start":{"line":29,"column":8},"end":{"line":31,"column":9}},"type":"if","locations":[{"start":{"line":29,"column":8},"end":{"line":31,"column":9}},{"start":{},"end":{}}],"line":29},"2":{"loc":{"start":{"line":54,"column":8},"end":{"line":56,"column":9}},"type":"if","locations":[{"start":{"line":54,"column":8},"end":{"line":56,"column":9}},{"start":{},"end":{}}],"line":54},"3":{"loc":{"start":{"line":74,"column":8},"end":{"line":76,"column":9}},"type":"if","locations":[{"start":{"line":74,"column":8},"end":{"line":76,"column":9}},{"start":{},"end":{}}],"line":74}},"s":{"0":1,"1":1,"2":1,"3":1,"4":1,"5":1,"6":0,"7":1,"8":0,"9":1,"10":2,"11":2,"12":2,"13":2,"14":2,"15":2,"16":1,"17":1,"18":1,"19":0,"20":1,"21":2,"22":2,"23":2,"24":2,"25":2,"26":2,"27":1,"28":1,"29":1,"30":1,"31":0,"32":1,"33":2,"34":2,"35":2,"36":2,"37":2,"38":1,"39":1,"40":1,"41":0,"42":1},"f":{"0":1,"1":2,"2":2,"3":2},"b":{"0":[0,1],"1":[1,1],"2":[1,1],"3":[1,1]},"_coverageSchema":"1a1c01bbd47fc00a2c39e90264f33305004495a9","hash":"edad2a693b4d1183df77c2aad51f71cc5c087aec"}
,"E:\\hacktiv\\fase2\\week3\\day1\\IP-HCK75\\travel-server\\controllers\\userController.js": {"path":"E:\\hacktiv\\fase2\\week3\\day1\\IP-HCK75\\travel-server\\controllers\\userController.js","statementMap":{"0":{"start":{"line":1,"column":25},"end":{"line":1,"column":55}},"1":{"start":{"line":2,"column":17},"end":{"line":2,"column":37}},"2":{"start":{"line":3,"column":15},"end":{"line":3,"column":34}},"3":{"start":{"line":4,"column":12},"end":{"line":4,"column":35}},"4":{"start":{"line":6,"column":15},"end":{"line":6,"column":61}},"5":{"start":{"line":8,"column":21},"end":{"line":20,"column":1}},"6":{"start":{"line":9,"column":4},"end":{"line":19,"column":5}},"7":{"start":{"line":10,"column":36},"end":{"line":10,"column":44}},"8":{"start":{"line":11,"column":29},"end":{"line":11,"column":69}},"9":{"start":{"line":12,"column":8},"end":{"line":14,"column":9}},"10":{"start":{"line":13,"column":12},"end":{"line":13,"column":76}},"11":{"start":{"line":15,"column":24},"end":{"line":15,"column":62}},"12":{"start":{"line":16,"column":8},"end":{"line":16,"column":71}},"13":{"start":{"line":18,"column":8},"end":{"line":18,"column":55}},"14":{"start":{"line":22,"column":18},"end":{"line":38,"column":1}},"15":{"start":{"line":23,"column":4},"end":{"line":37,"column":5}},"16":{"start":{"line":24,"column":36},"end":{"line":24,"column":44}},"17":{"start":{"line":25,"column":21},"end":{"line":25,"column":61}},"18":{"start":{"line":26,"column":8},"end":{"line":28,"column":9}},"19":{"start":{"line":27,"column":12},"end":{"line":27,"column":82}},"20":{"start":{"line":29,"column":32},"end":{"line":29,"column":77}},"21":{"start":{"line":30,"column":8},"end":{"line":32,"column":9}},"22":{"start":{"line":31,"column":12},"end":{"line":31,"column":82}},"23":{"start":{"line":33,"column":22},"end":{"line":33,"column":71}},"24":{"start":{"line":34,"column":8},"end":{"line":34,"column":82}},"25":{"start":{"line":36,"column":8},"end":{"line":36,"column":55}},"26":{"start":{"line":41,"column":19},"end":{"line":43,"column":1}},"27":{"start":{"line":42,"column":4},"end":{"line":42,"column":65}},"28":{"start":{"line":45,"column":23},"end":{"line":55,"column":1}},"29":{"start":{"line":46,"column":4},"end":{"line":54,"column":5}},"30":{"start":{"line":47,"column":21},"end":{"line":47,"column":53}},"31":{"start":{"line":48,"column":8},"end":{"line":50,"column":9}},"32":{"start":{"line":49,"column":12},"end":{"line":49,"column":71}},"33":{"start":{"line":51,"column":8},"end":{"line":51,"column":65}},"34":{"start":{"line":53,"column":8},"end":{"line":53,"column":55}},"35":{"start":{"line":57,"column":19},"end":{"line":89,"column":3}},"36":{"start":{"line":58,"column":28},"end":{"line":58,"column":36}},"37":{"start":{"line":60,"column":4},"end":{"line":88,"column":5}},"38":{"start":{"line":61,"column":21},"end":{"line":64,"column":8}},"39":{"start":{"line":66,"column":22},"end":{"line":66,"column":41}},"40":{"start":{"line":67,"column":24},"end":{"line":67,"column":31}},"41":{"start":{"line":69,"column":30},"end":{"line":79,"column":8}},"42":{"start":{"line":82,"column":20},"end":{"line":82,"column":69}},"43":{"start":{"line":84,"column":6},"end":{"line":84,"column":58}},"44":{"start":{"line":87,"column":6},"end":{"line":87,"column":76}},"45":{"start":{"line":92,"column":0},"end":{"line":98,"column":2}}},"fnMap":{"0":{"name":"(anonymous_0)","decl":{"start":{"line":8,"column":21},"end":{"line":8,"column":22}},"loc":{"start":{"line":8,"column":41},"end":{"line":20,"column":1}},"line":8},"1":{"name":"(anonymous_1)","decl":{"start":{"line":22,"column":18},"end":{"line":22,"column":19}},"loc":{"start":{"line":22,"column":38},"end":{"line":38,"column":1}},"line":22},"2":{"name":"(anonymous_2)","decl":{"start":{"line":41,"column":19},"end":{"line":41,"column":20}},"loc":{"start":{"line":41,"column":33},"end":{"line":43,"column":1}},"line":41},"3":{"name":"(anonymous_3)","decl":{"start":{"line":45,"column":23},"end":{"line":45,"column":24}},"loc":{"start":{"line":45,"column":43},"end":{"line":55,"column":1}},"line":45},"4":{"name":"(anonymous_4)","decl":{"start":{"line":57,"column":19},"end":{"line":57,"column":20}},"loc":{"start":{"line":57,"column":39},"end":{"line":89,"column":3}},"line":57}},"branchMap":{"0":{"loc":{"start":{"line":12,"column":8},"end":{"line":14,"column":9}},"type":"if","locations":[{"start":{"line":12,"column":8},"end":{"line":14,"column":9}},{"start":{},"end":{}}],"line":12},"1":{"loc":{"start":{"line":26,"column":8},"end":{"line":28,"column":9}},"type":"if","locations":[{"start":{"line":26,"column":8},"end":{"line":28,"column":9}},{"start":{},"end":{}}],"line":26},"2":{"loc":{"start":{"line":30,"column":8},"end":{"line":32,"column":9}},"type":"if","locations":[{"start":{"line":30,"column":8},"end":{"line":32,"column":9}},{"start":{},"end":{}}],"line":30},"3":{"loc":{"start":{"line":48,"column":8},"end":{"line":50,"column":9}},"type":"if","locations":[{"start":{"line":48,"column":8},"end":{"line":50,"column":9}},{"start":{},"end":{}}],"line":48}},"s":{"0":1,"1":1,"2":1,"3":1,"4":1,"5":1,"6":2,"7":2,"8":2,"9":2,"10":1,"11":1,"12":1,"13":0,"14":1,"15":2,"16":2,"17":2,"18":2,"19":0,"20":2,"21":2,"22":1,"23":1,"24":1,"25":0,"26":1,"27":1,"28":1,"29":1,"30":1,"31":1,"32":0,"33":1,"34":0,"35":1,"36":0,"37":0,"38":0,"39":0,"40":0,"41":0,"42":0,"43":0,"44":0,"45":1},"f":{"0":2,"1":2,"2":1,"3":1,"4":0},"b":{"0":[1,1],"1":[0,2],"2":[1,1],"3":[0,1]},"_coverageSchema":"1a1c01bbd47fc00a2c39e90264f33305004495a9","hash":"319663a04f44f5e8dd635496fe6cae58c556e4da"}
,"E:\\hacktiv\\fase2\\week3\\day1\\IP-HCK75\\travel-server\\models\\destination.js": {"path":"E:\\hacktiv\\fase2\\week3\\day1\\IP-HCK75\\travel-server\\models\\destination.js","statementMap":{"0":{"start":{"line":4,"column":4},"end":{"line":4,"column":24}},"1":{"start":{"line":5,"column":0},"end":{"line":33,"column":2}},"2":{"start":{"line":13,"column":6},"end":{"line":15,"column":9}},"3":{"start":{"line":16,"column":6},"end":{"line":19,"column":9}},"4":{"start":{"line":23,"column":2},"end":{"line":31,"column":5}},"5":{"start":{"line":32,"column":2},"end":{"line":32,"column":21}}},"fnMap":{"0":{"name":"(anonymous_0)","decl":{"start":{"line":5,"column":17},"end":{"line":5,"column":18}},"loc":{"start":{"line":5,"column":43},"end":{"line":33,"column":1}},"line":5},"1":{"name":"(anonymous_1)","decl":{"start":{"line":12,"column":4},"end":{"line":12,"column":5}},"loc":{"start":{"line":12,"column":29},"end":{"line":20,"column":5}},"line":12}},"branchMap":{},"s":{"0":1,"1":1,"2":1,"3":1,"4":1,"5":1},"f":{"0":1,"1":1},"b":{},"_coverageSchema":"1a1c01bbd47fc00a2c39e90264f33305004495a9","hash":"dd6a1000096fdec6fa6b7fd5d1b21e2f5553c537"}
,"E:\\hacktiv\\fase2\\week3\\day1\\IP-HCK75\\travel-server\\models\\index.js": {"path":"E:\\hacktiv\\fase2\\week3\\day1\\IP-HCK75\\travel-server\\models\\index.js","statementMap":{"0":{"start":{"line":3,"column":11},"end":{"line":3,"column":24}},"1":{"start":{"line":4,"column":13},"end":{"line":4,"column":28}},"2":{"start":{"line":5,"column":18},"end":{"line":5,"column":38}},"3":{"start":{"line":6,"column":16},"end":{"line":6,"column":34}},"4":{"start":{"line":7,"column":17},"end":{"line":7,"column":42}},"5":{"start":{"line":8,"column":12},"end":{"line":8,"column":49}},"6":{"start":{"line":9,"column":15},"end":{"line":9,"column":65}},"7":{"start":{"line":10,"column":11},"end":{"line":10,"column":13}},"8":{"start":{"line":13,"column":0},"end":{"line":17,"column":1}},"9":{"start":{"line":14,"column":2},"end":{"line":14,"column":74}},"10":{"start":{"line":16,"column":2},"end":{"line":16,"column":87}},"11":{"start":{"line":19,"column":0},"end":{"line":32,"column":5}},"12":{"start":{"line":22,"column":4},"end":{"line":27,"column":6}},"13":{"start":{"line":30,"column":18},"end":{"line":30,"column":85}},"14":{"start":{"line":31,"column":4},"end":{"line":31,"column":27}},"15":{"start":{"line":34,"column":0},"end":{"line":38,"column":3}},"16":{"start":{"line":35,"column":2},"end":{"line":37,"column":3}},"17":{"start":{"line":36,"column":4},"end":{"line":36,"column":32}},"18":{"start":{"line":40,"column":0},"end":{"line":40,"column":25}},"19":{"start":{"line":41,"column":0},"end":{"line":41,"column":25}},"20":{"start":{"line":43,"column":0},"end":{"line":43,"column":20}}},"fnMap":{"0":{"name":"(anonymous_0)","decl":{"start":{"line":21,"column":10},"end":{"line":21,"column":11}},"loc":{"start":{"line":21,"column":18},"end":{"line":28,"column":3}},"line":21},"1":{"name":"(anonymous_1)","decl":{"start":{"line":29,"column":11},"end":{"line":29,"column":12}},"loc":{"start":{"line":29,"column":19},"end":{"line":32,"column":3}},"line":29},"2":{"name":"(anonymous_2)","decl":{"start":{"line":34,"column":24},"end":{"line":34,"column":25}},"loc":{"start":{"line":34,"column":37},"end":{"line":38,"column":1}},"line":34}},"branchMap":{"0":{"loc":{"start":{"line":8,"column":12},"end":{"line":8,"column":49}},"type":"binary-expr","locations":[{"start":{"line":8,"column":12},"end":{"line":8,"column":32}},{"start":{"line":8,"column":36},"end":{"line":8,"column":49}}],"line":8},"1":{"loc":{"start":{"line":13,"column":0},"end":{"line":17,"column":1}},"type":"if","locations":[{"start":{"line":13,"column":0},"end":{"line":17,"column":1}},{"start":{"line":15,"column":7},"end":{"line":17,"column":1}}],"line":13},"2":{"loc":{"start":{"line":23,"column":6},"end":{"line":26,"column":37}},"type":"binary-expr","locations":[{"start":{"line":23,"column":6},"end":{"line":23,"column":29}},{"start":{"line":24,"column":6},"end":{"line":24,"column":23}},{"start":{"line":25,"column":6},"end":{"line":25,"column":30}},{"start":{"line":26,"column":6},"end":{"line":26,"column":37}}],"line":23},"3":{"loc":{"start":{"line":35,"column":2},"end":{"line":37,"column":3}},"type":"if","locations":[{"start":{"line":35,"column":2},"end":{"line":37,"column":3}},{"start":{},"end":{}}],"line":35}},"s":{"0":1,"1":1,"2":1,"3":1,"4":1,"5":1,"6":1,"7":1,"8":1,"9":0,"10":1,"11":1,"12":5,"13":4,"14":4,"15":1,"16":4,"17":4,"18":1,"19":1,"20":1},"f":{"0":5,"1":4,"2":4},"b":{"0":[1,0],"1":[0,1],"2":[5,5,4,4],"3":[4,0]},"_coverageSchema":"1a1c01bbd47fc00a2c39e90264f33305004495a9","hash":"c01aeed2faff6788909730bc56b1cd1d9a4311c5"}
,"E:\\hacktiv\\fase2\\week3\\day1\\IP-HCK75\\travel-server\\models\\review.js": {"path":"E:\\hacktiv\\fase2\\week3\\day1\\IP-HCK75\\travel-server\\models\\review.js","statementMap":{"0":{"start":{"line":2,"column":18},"end":{"line":2,"column":38}},"1":{"start":{"line":4,"column":0},"end":{"line":43,"column":2}},"2":{"start":{"line":7,"column":6},"end":{"line":9,"column":9}},"3":{"start":{"line":10,"column":6},"end":{"line":12,"column":9}},"4":{"start":{"line":16,"column":2},"end":{"line":40,"column":5}},"5":{"start":{"line":42,"column":2},"end":{"line":42,"column":16}}},"fnMap":{"0":{"name":"(anonymous_0)","decl":{"start":{"line":4,"column":17},"end":{"line":4,"column":18}},"loc":{"start":{"line":4,"column":43},"end":{"line":43,"column":1}},"line":4},"1":{"name":"(anonymous_1)","decl":{"start":{"line":6,"column":4},"end":{"line":6,"column":5}},"loc":{"start":{"line":6,"column":29},"end":{"line":13,"column":5}},"line":6}},"branchMap":{},"s":{"0":1,"1":1,"2":1,"3":1,"4":1,"5":1},"f":{"0":1,"1":1},"b":{},"_coverageSchema":"1a1c01bbd47fc00a2c39e90264f33305004495a9","hash":"b6b8b31cdbe918ad4a7f003113f345bb2b20b5a2"}
,"E:\\hacktiv\\fase2\\week3\\day1\\IP-HCK75\\travel-server\\models\\user.js": {"path":"E:\\hacktiv\\fase2\\week3\\day1\\IP-HCK75\\travel-server\\models\\user.js","statementMap":{"0":{"start":{"line":2,"column":18},"end":{"line":2,"column":38}},"1":{"start":{"line":3,"column":15},"end":{"line":3,"column":34}},"2":{"start":{"line":5,"column":0},"end":{"line":65,"column":2}},"3":{"start":{"line":9,"column":6},"end":{"line":11,"column":9}},"4":{"start":{"line":13,"column":6},"end":{"line":16,"column":9}},"5":{"start":{"line":21,"column":6},"end":{"line":21,"column":57}},"6":{"start":{"line":25,"column":2},"end":{"line":62,"column":4}},"7":{"start":{"line":51,"column":23},"end":{"line":51,"column":47}},"8":{"start":{"line":52,"column":10},"end":{"line":52,"column":65}},"9":{"start":{"line":55,"column":10},"end":{"line":58,"column":11}},"10":{"start":{"line":56,"column":25},"end":{"line":56,"column":49}},"11":{"start":{"line":57,"column":12},"end":{"line":57,"column":67}},"12":{"start":{"line":64,"column":2},"end":{"line":64,"column":14}}},"fnMap":{"0":{"name":"(anonymous_0)","decl":{"start":{"line":5,"column":17},"end":{"line":5,"column":18}},"loc":{"start":{"line":5,"column":43},"end":{"line":65,"column":1}},"line":5},"1":{"name":"(anonymous_1)","decl":{"start":{"line":7,"column":4},"end":{"line":7,"column":5}},"loc":{"start":{"line":7,"column":29},"end":{"line":17,"column":5}},"line":7},"2":{"name":"(anonymous_2)","decl":{"start":{"line":20,"column":4},"end":{"line":20,"column":5}},"loc":{"start":{"line":20,"column":28},"end":{"line":22,"column":5}},"line":20},"3":{"name":"(anonymous_3)","decl":{"start":{"line":50,"column":22},"end":{"line":50,"column":23}},"loc":{"start":{"line":50,"column":38},"end":{"line":53,"column":9}},"line":50},"4":{"name":"(anonymous_4)","decl":{"start":{"line":54,"column":22},"end":{"line":54,"column":23}},"loc":{"start":{"line":54,"column":38},"end":{"line":59,"column":9}},"line":54}},"branchMap":{"0":{"loc":{"start":{"line":55,"column":10},"end":{"line":58,"column":11}},"type":"if","locations":[{"start":{"line":55,"column":10},"end":{"line":58,"column":11}},{"start":{},"end":{}}],"line":55}},"s":{"0":1,"1":1,"2":1,"3":1,"4":1,"5":0,"6":1,"7":1,"8":1,"9":0,"10":0,"11":0,"12":1},"f":{"0":1,"1":1,"2":0,"3":1,"4":0},"b":{"0":[0,0]},"_coverageSchema":"1a1c01bbd47fc00a2c39e90264f33305004495a9","hash":"2590907f6aab24034a0c37310c121b9c473be578"}
,"E:\\hacktiv\\fase2\\week3\\day1\\IP-HCK75\\travel-server\\models\\userdestination.js": {"path":"E:\\hacktiv\\fase2\\week3\\day1\\IP-HCK75\\travel-server\\models\\userdestination.js","statementMap":{"0":{"start":{"line":4,"column":4},"end":{"line":4,"column":24}},"1":{"start":{"line":5,"column":0},"end":{"line":36,"column":2}},"2":{"start":{"line":15,"column":7},"end":{"line":17,"column":9}},"3":{"start":{"line":20,"column":6},"end":{"line":22,"column":9}},"4":{"start":{"line":25,"column":2},"end":{"line":34,"column":4}},"5":{"start":{"line":35,"column":2},"end":{"line":35,"column":25}}},"fnMap":{"0":{"name":"(anonymous_0)","decl":{"start":{"line":5,"column":17},"end":{"line":5,"column":18}},"loc":{"start":{"line":5,"column":43},"end":{"line":36,"column":1}},"line":5},"1":{"name":"(anonymous_1)","decl":{"start":{"line":12,"column":4},"end":{"line":12,"column":5}},"loc":{"start":{"line":12,"column":29},"end":{"line":23,"column":5}},"line":12}},"branchMap":{},"s":{"0":1,"1":1,"2":1,"3":1,"4":1,"5":1},"f":{"0":1,"1":1},"b":{},"_coverageSchema":"1a1c01bbd47fc00a2c39e90264f33305004495a9","hash":"b489b451f608101863c725b78a2ec4177b45dc5e"}
,"E:\\hacktiv\\fase2\\week3\\day1\\IP-HCK75\\travel-server\\routers\\gemini.js": {"path":"E:\\hacktiv\\fase2\\week3\\day1\\IP-HCK75\\travel-server\\routers\\gemini.js","statementMap":{"0":{"start":{"line":1,"column":0},"end":{"line":1,"column":27}},"1":{"start":{"line":3,"column":16},"end":{"line":3,"column":34}},"2":{"start":{"line":4,"column":15},"end":{"line":4,"column":31}},"3":{"start":{"line":5,"column":25},"end":{"line":5,"column":67}},"4":{"start":{"line":7,"column":0},"end":{"line":7,"column":80}},"5":{"start":{"line":9,"column":0},"end":{"line":9,"column":24}}},"fnMap":{},"branchMap":{},"s":{"0":1,"1":1,"2":1,"3":1,"4":1,"5":1},"f":{},"b":{},"_coverageSchema":"1a1c01bbd47fc00a2c39e90264f33305004495a9","hash":"8a90d48020e063d842e2dade2c966be545dcf835"}
,"E:\\hacktiv\\fase2\\week3\\day1\\IP-HCK75\\travel-server\\routers\\index.js": {"path":"E:\\hacktiv\\fase2\\week3\\day1\\IP-HCK75\\travel-server\\routers\\index.js","statementMap":{"0":{"start":{"line":1,"column":16},"end":{"line":1,"column":34}},"1":{"start":{"line":2,"column":30},"end":{"line":2,"column":77}},"2":{"start":{"line":3,"column":23},"end":{"line":3,"column":63}},"3":{"start":{"line":4,"column":25},"end":{"line":4,"column":67}},"4":{"start":{"line":5,"column":17},"end":{"line":5,"column":40}},"5":{"start":{"line":7,"column":15},"end":{"line":7,"column":31}},"6":{"start":{"line":10,"column":0},"end":{"line":10,"column":55}},"7":{"start":{"line":11,"column":0},"end":{"line":11,"column":54}},"8":{"start":{"line":12,"column":0},"end":{"line":12,"column":48}},"9":{"start":{"line":13,"column":0},"end":{"line":13,"column":50}},"10":{"start":{"line":16,"column":0},"end":{"line":16,"column":76}},"11":{"start":{"line":17,"column":0},"end":{"line":17,"column":76}},"12":{"start":{"line":18,"column":0},"end":{"line":18,"column":79}},"13":{"start":{"line":19,"column":0},"end":{"line":19,"column":82}},"14":{"start":{"line":22,"column":0},"end":{"line":22,"column":93}},"15":{"start":{"line":23,"column":0},"end":{"line":23,"column":88}},"16":{"start":{"line":24,"column":0},"end":{"line":24,"column":70}},"17":{"start":{"line":25,"column":0},"end":{"line":25,"column":73}},"18":{"start":{"line":28,"column":0},"end":{"line":28,"column":60}},"19":{"start":{"line":30,"column":0},"end":{"line":30,"column":24}}},"fnMap":{},"branchMap":{},"s":{"0":1,"1":1,"2":1,"3":1,"4":1,"5":1,"6":1,"7":1,"8":1,"9":1,"10":1,"11":1,"12":1,"13":1,"14":1,"15":1,"16":1,"17":1,"18":1,"19":1},"f":{},"b":{},"_coverageSchema":"1a1c01bbd47fc00a2c39e90264f33305004495a9","hash":"b69d3e3f3ce4750b43876a8fd5399bdd7515bbc2"}
}
